Using pre-set license
Built from '2020.3/release' branch; Version is '2020.3.1f1 (77a89f25062f) revision 7841951'; Using compiler version '192528614'; Build Type 'Release'
OS: 'Windows 10 Home; OS build 19045.5247; Version 2009; 64bit' Language: 'es' Physical Memory: 16332 MB
BatchMode: 1, IsHumanControllingUs: 0, StartBugReporterOnCrash: 0, Is64bit: 1, IsPro: 0

 COMMAND LINE ARGUMENTS:
C:\Program Files\Unity\Hub\Editor\2020.3.1f1\Editor\Unity.exe
-adb2
-batchMode
-noUpm
-name
AssetImportWorker0
-projectPath
C:/Users/dani_/Documents/DAM/Proyecto Unity/Create-with-VR_2020LTS/Create-with-VR_2020LTS/VR Room Project
-logFile
Logs/AssetImportWorker0.log
-srvPort
55002
Successfully changed project path to: C:/Users/dani_/Documents/DAM/Proyecto Unity/Create-with-VR_2020LTS/Create-with-VR_2020LTS/VR Room Project
C:/Users/dani_/Documents/DAM/Proyecto Unity/Create-with-VR_2020LTS/Create-with-VR_2020LTS/VR Room Project
Using Asset Import Pipeline V2.
Refreshing native plugins compatible for Editor in 60.52 ms, found 8 plugins.
Preloading 1 native plugins for Editor in 0.79 ms.
Initialize engine version: 2020.3.1f1 (77a89f25062f)
[Subsystems] Discovering subsystems at path C:/Program Files/Unity/Hub/Editor/2020.3.1f1/Editor/Data/Resources/UnitySubsystems
[Subsystems] Discovering subsystems at path C:/Users/dani_/Documents/DAM/Proyecto Unity/Create-with-VR_2020LTS/Create-with-VR_2020LTS/VR Room Project/Assets
GfxDevice: creating device client; threaded=0
Direct3D:
    Version:  Direct3D 11.0 [level 11.1]
    Renderer: NVIDIA GeForce GTX 1060 6GB (ID=0x1c03)
    Vendor:   
    VRAM:     6029 MB
    Driver:   32.0.15.6094
Shader 'Universal Render Pipeline/Particles/Lit': fallback shader 'Universal Render Pipeline/Particles/SimpleLit' not found
Initialize mono
Mono path[0] = 'C:/Program Files/Unity/Hub/Editor/2020.3.1f1/Editor/Data/Managed'
Mono path[1] = 'C:/Program Files/Unity/Hub/Editor/2020.3.1f1/Editor/Data/MonoBleedingEdge/lib/mono/unityjit'
Mono config path = 'C:/Program Files/Unity/Hub/Editor/2020.3.1f1/Editor/Data/MonoBleedingEdge/etc'
Using monoOptions --debugger-agent=transport=dt_socket,embedding=1,server=y,suspend=n,address=127.0.0.1:56316
Begin MonoManager ReloadAssembly
Registering precompiled unity dll's ...
Register platform support module: C:/Program Files/Unity/Hub/Editor/2020.3.1f1/Editor/Data/PlaybackEngines/WindowsStandaloneSupport/UnityEditor.WindowsStandalone.Extensions.dll
Registered in 0.001643 seconds.
Native extension for WindowsStandalone target not found
Refreshing native plugins compatible for Editor in 52.20 ms, found 8 plugins.
Preloading 1 native plugins for Editor in 0.11 ms.
Invoked RoslynAnalysisRunner static constructor.
RoslynAnalysisRunner will not be running.
RoslynAnalysisRunner has terminated.
Mono: successfully reloaded assembly
- Completed reload, in  0.844 seconds
Platform modules already initialized, skipping
Registering precompiled user dll's ...
Registered in 0.004489 seconds.
Begin MonoManager ReloadAssembly
Native extension for WindowsStandalone target not found
Refreshing native plugins compatible for Editor in 53.51 ms, found 8 plugins.
Preloading 1 native plugins for Editor in 0.10 ms.
Invoked RoslynAnalysisRunner static constructor.
RoslynAnalysisRunner will not be running.
RoslynAnalysisRunner has terminated.
[XR] OculusXRPlugin: registering subsystems
[XR] Unable to register display lifecyle provider: [1]
[XR] Oculus Input lifecycle provider registered.
[XR] Unable to register input lifecyle provider: [1]
NullReferenceException: Object reference not set to an instance of an object
  at Unity.XR.Oculus.OculusLoader.AssetPathToAbsolutePath (System.String assetPath) [0x00048] in C:\Users\dani_\Documents\DAM\Proyecto Unity\Create-with-VR_2020LTS\Create-with-VR_2020LTS\VR Room Project\Library\PackageCache\com.unity.xr.oculus@1.8.1\Runtime\OculusLoader.cs:243 
  at Unity.XR.Oculus.OculusLoader.EditorLoadOVRPlugin () [0x0007b] in C:\Users\dani_\Documents\DAM\Proyecto Unity\Create-with-VR_2020LTS\Create-with-VR_2020LTS\VR Room Project\Library\PackageCache\com.unity.xr.oculus@1.8.1\Runtime\OculusLoader.cs:228 

(Filename: Library/PackageCache/com.unity.xr.oculus@1.8.1/Runtime/OculusLoader.cs Line: 243)

Mono: successfully reloaded assembly
- Completed reload, in  0.946 seconds
Platform modules already initialized, skipping
========================================================================
Worker process is ready to serve import requests
Shader 'Universal Render Pipeline/Particles/Lit': fallback shader 'Universal Render Pipeline/Particles/SimpleLit' not found
Launched and connected shader compiler UnityShaderCompiler.exe after 0.03 seconds
Refreshing native plugins compatible for Editor in 0.99 ms, found 8 plugins.
Preloading 1 native plugins for Editor in 0.09 ms.
Unloading 3105 Unused Serialized files (Serialized files now loaded: 0)
System memory in use before: 143.2 MB.
System memory in use after: 143.2 MB.

Unloading 26 unused Assets to reduce memory usage. Loaded Objects now: 3541.
Total: 2.814600 ms (FindLiveObjects: 0.396500 ms CreateObjectMapping: 0.106600 ms MarkObjects: 2.231300 ms  DeleteObjects: 0.079400 ms)

========================================================================
Received Import Request.
  path: Assets/_Course Library/Scripts/Actions
  artifactKey: Guid(b7bcca2a7b6902f4a87db4a2f800b5ce) Importer(815301076,1909f56bfc062723c751e8b465ee728b)
Start importing Assets/_Course Library/Scripts/Actions using Guid(b7bcca2a7b6902f4a87db4a2f800b5ce) Importer(815301076,1909f56bfc062723c751e8b465ee728b)  -> (artifact id: '20e65b334b2fc641e301d5ac3e0029b6') in 0.013288 seconds
  Import took 0.018177 seconds .

========================================================================
Received Import Request.
  Time since last request: 0.000211 seconds.
  path: Assets/_Course Library/Scripts
  artifactKey: Guid(84c8d5c187f7f5644bb628e32880bf01) Importer(815301076,1909f56bfc062723c751e8b465ee728b)
Start importing Assets/_Course Library/Scripts using Guid(84c8d5c187f7f5644bb628e32880bf01) Importer(815301076,1909f56bfc062723c751e8b465ee728b)  -> (artifact id: 'b428fa79f598f5a0353cf3740f1b4c52') in 0.007986 seconds
  Import took 0.012734 seconds .

========================================================================
Received Import Request.
  Time since last request: 8.644311 seconds.
  path: Assets/_Course Library/Audio
  artifactKey: Guid(9d25e569fb6644e29b2167f7f0ca5349) Importer(815301076,1909f56bfc062723c751e8b465ee728b)
Start importing Assets/_Course Library/Audio using Guid(9d25e569fb6644e29b2167f7f0ca5349) Importer(815301076,1909f56bfc062723c751e8b465ee728b)  -> (artifact id: '2e9828d9ae2b8624fb464c7babe2dfb8') in 0.009796 seconds
  Import took 0.014611 seconds .

========================================================================
Received Import Request.
  Time since last request: 3.831209 seconds.
  path: Assets/_Course Library/_Prefabs
  artifactKey: Guid(0251452a4b7afa64ca50d55eea8365e5) Importer(815301076,1909f56bfc062723c751e8b465ee728b)
Start importing Assets/_Course Library/_Prefabs using Guid(0251452a4b7afa64ca50d55eea8365e5) Importer(815301076,1909f56bfc062723c751e8b465ee728b)  -> (artifact id: '42fb1e926933c0539cd115b9bd21cc67') in 0.009457 seconds
  Import took 0.014238 seconds .

========================================================================
Received Import Request.
  Time since last request: 12.536986 seconds.
  path: Assets/_Course Library/_Prefabs/VR
  artifactKey: Guid(bf714010cdfb44373868ddb2da4e8958) Importer(815301076,1909f56bfc062723c751e8b465ee728b)
Start importing Assets/_Course Library/_Prefabs/VR using Guid(bf714010cdfb44373868ddb2da4e8958) Importer(815301076,1909f56bfc062723c751e8b465ee728b)  -> (artifact id: '7892e77c58ed6a59c7ecc7d6dffec1bb') in 0.010811 seconds
  Import took 0.015540 seconds .

========================================================================
Received Import Request.
  Time since last request: 8.521447 seconds.
  path: Assets/Scenes
  artifactKey: Guid(0d777402b5df94a8192f1a256e74d334) Importer(815301076,1909f56bfc062723c751e8b465ee728b)
Start importing Assets/Scenes using Guid(0d777402b5df94a8192f1a256e74d334) Importer(815301076,1909f56bfc062723c751e8b465ee728b)  -> (artifact id: 'aa4dfebe400660f5165ed993a18173dd') in 0.008656 seconds
  Import took 0.013545 seconds .

========================================================================
Received Import Request.
  Time since last request: 1.374303 seconds.
  path: Assets/Scenes/Create_with_VR_Starter_Scene.unity
  artifactKey: Guid(afdcb113ffd5a4353ad88f0dd03743af) Importer(815301076,1909f56bfc062723c751e8b465ee728b)
Start importing Assets/Scenes/Create_with_VR_Starter_Scene.unity using Guid(afdcb113ffd5a4353ad88f0dd03743af) Importer(815301076,1909f56bfc062723c751e8b465ee728b)  -> (artifact id: 'c8a4d2ede868c158e43fcce0b91981d2') in 0.026668 seconds
  Import took 0.032675 seconds .

========================================================================
Received Prepare
Registering precompiled user dll's ...
Registered in 0.004396 seconds.
Begin MonoManager ReloadAssembly
Native extension for WindowsStandalone target not found
Refreshing native plugins compatible for Editor in 0.85 ms, found 8 plugins.
Preloading 1 native plugins for Editor in 0.09 ms.
Invoked RoslynAnalysisRunner static constructor.
RoslynAnalysisRunner will not be running.
RoslynAnalysisRunner has terminated.
NullReferenceException: Object reference not set to an instance of an object
  at Unity.XR.Oculus.OculusLoader.AssetPathToAbsolutePath (System.String assetPath) [0x00048] in C:\Users\dani_\Documents\DAM\Proyecto Unity\Create-with-VR_2020LTS\Create-with-VR_2020LTS\VR Room Project\Library\PackageCache\com.unity.xr.oculus@1.8.1\Runtime\OculusLoader.cs:243 
  at Unity.XR.Oculus.OculusLoader.EditorLoadOVRPlugin () [0x0007b] in C:\Users\dani_\Documents\DAM\Proyecto Unity\Create-with-VR_2020LTS\Create-with-VR_2020LTS\VR Room Project\Library\PackageCache\com.unity.xr.oculus@1.8.1\Runtime\OculusLoader.cs:228 

(Filename: Library/PackageCache/com.unity.xr.oculus@1.8.1/Runtime/OculusLoader.cs Line: 243)

Mono: successfully reloaded assembly
- Completed reload, in  0.867 seconds
Platform modules already initialized, skipping
Shader 'Universal Render Pipeline/Particles/Lit': fallback shader 'Universal Render Pipeline/Particles/SimpleLit' not found
Refreshing native plugins compatible for Editor in 1.10 ms, found 8 plugins.
Preloading 1 native plugins for Editor in 0.08 ms.
Unloading 2966 Unused Serialized files (Serialized files now loaded: 0)
System memory in use before: 135.5 MB.
System memory in use after: 135.7 MB.

Unloading 19 unused Assets to reduce memory usage. Loaded Objects now: 3545.
Total: 2.737100 ms (FindLiveObjects: 0.394200 ms CreateObjectMapping: 0.092900 ms MarkObjects: 2.225000 ms  DeleteObjects: 0.024100 ms)

========================================================================
Received Prepare
Registering precompiled user dll's ...
Registered in 0.004395 seconds.
Begin MonoManager ReloadAssembly
Native extension for WindowsStandalone target not found
Refreshing native plugins compatible for Editor in 0.90 ms, found 8 plugins.
Preloading 1 native plugins for Editor in 0.09 ms.
Invoked RoslynAnalysisRunner static constructor.
RoslynAnalysisRunner will not be running.
RoslynAnalysisRunner has terminated.
NullReferenceException: Object reference not set to an instance of an object
  at Unity.XR.Oculus.OculusLoader.AssetPathToAbsolutePath (System.String assetPath) [0x00048] in C:\Users\dani_\Documents\DAM\Proyecto Unity\Create-with-VR_2020LTS\Create-with-VR_2020LTS\VR Room Project\Library\PackageCache\com.unity.xr.oculus@1.8.1\Runtime\OculusLoader.cs:243 
  at Unity.XR.Oculus.OculusLoader.EditorLoadOVRPlugin () [0x0007b] in C:\Users\dani_\Documents\DAM\Proyecto Unity\Create-with-VR_2020LTS\Create-with-VR_2020LTS\VR Room Project\Library\PackageCache\com.unity.xr.oculus@1.8.1\Runtime\OculusLoader.cs:228 

(Filename: Library/PackageCache/com.unity.xr.oculus@1.8.1/Runtime/OculusLoader.cs Line: 243)

Mono: successfully reloaded assembly
- Completed reload, in  0.821 seconds
Platform modules already initialized, skipping
Shader 'Universal Render Pipeline/Particles/Lit': fallback shader 'Universal Render Pipeline/Particles/SimpleLit' not found
Refreshing native plugins compatible for Editor in 0.84 ms, found 8 plugins.
Preloading 1 native plugins for Editor in 0.09 ms.
Unloading 2966 Unused Serialized files (Serialized files now loaded: 0)
System memory in use before: 135.5 MB.
System memory in use after: 135.8 MB.

Unloading 19 unused Assets to reduce memory usage. Loaded Objects now: 3549.
Total: 3.285600 ms (FindLiveObjects: 0.354800 ms CreateObjectMapping: 0.088500 ms MarkObjects: 2.812800 ms  DeleteObjects: 0.028300 ms)

========================================================================
Received Prepare
Registering precompiled user dll's ...
Registered in 0.004548 seconds.
Begin MonoManager ReloadAssembly
Native extension for WindowsStandalone target not found
Refreshing native plugins compatible for Editor in 0.82 ms, found 8 plugins.
Preloading 1 native plugins for Editor in 0.08 ms.
Invoked RoslynAnalysisRunner static constructor.
RoslynAnalysisRunner will not be running.
RoslynAnalysisRunner has terminated.
NullReferenceException: Object reference not set to an instance of an object
  at Unity.XR.Oculus.OculusLoader.AssetPathToAbsolutePath (System.String assetPath) [0x00048] in C:\Users\dani_\Documents\DAM\Proyecto Unity\Create-with-VR_2020LTS\Create-with-VR_2020LTS\VR Room Project\Library\PackageCache\com.unity.xr.oculus@1.8.1\Runtime\OculusLoader.cs:243 
  at Unity.XR.Oculus.OculusLoader.EditorLoadOVRPlugin () [0x0007b] in C:\Users\dani_\Documents\DAM\Proyecto Unity\Create-with-VR_2020LTS\Create-with-VR_2020LTS\VR Room Project\Library\PackageCache\com.unity.xr.oculus@1.8.1\Runtime\OculusLoader.cs:228 

(Filename: Library/PackageCache/com.unity.xr.oculus@1.8.1/Runtime/OculusLoader.cs Line: 243)

Mono: successfully reloaded assembly
- Completed reload, in  0.792 seconds
Platform modules already initialized, skipping
Shader 'Universal Render Pipeline/Particles/Lit': fallback shader 'Universal Render Pipeline/Particles/SimpleLit' not found
Refreshing native plugins compatible for Editor in 0.84 ms, found 8 plugins.
Preloading 1 native plugins for Editor in 0.08 ms.
Unloading 2966 Unused Serialized files (Serialized files now loaded: 0)
System memory in use before: 135.6 MB.
System memory in use after: 135.8 MB.

Unloading 19 unused Assets to reduce memory usage. Loaded Objects now: 3553.
Total: 2.312000 ms (FindLiveObjects: 0.324700 ms CreateObjectMapping: 0.086500 ms MarkObjects: 1.882800 ms  DeleteObjects: 0.016800 ms)

========================================================================
Received Import Request.
  Time since last request: 129.325860 seconds.
  path: Assets/Scenes/Daniel Scene.unity
  artifactKey: Guid(afdcb113ffd5a4353ad88f0dd03743af) Importer(815301076,1909f56bfc062723c751e8b465ee728b)
Start importing Assets/Scenes/Daniel Scene.unity using Guid(afdcb113ffd5a4353ad88f0dd03743af) Importer(815301076,1909f56bfc062723c751e8b465ee728b)  -> (artifact id: '78943e993cf973c437bbc531d6640107') in 0.023141 seconds
  Import took 0.028339 seconds .

========================================================================
Received Prepare
Registering precompiled user dll's ...
Registered in 0.005558 seconds.
Begin MonoManager ReloadAssembly
Native extension for WindowsStandalone target not found
Refreshing native plugins compatible for Editor in 0.82 ms, found 8 plugins.
Preloading 1 native plugins for Editor in 0.09 ms.
Invoked RoslynAnalysisRunner static constructor.
RoslynAnalysisRunner will not be running.
RoslynAnalysisRunner has terminated.
NullReferenceException: Object reference not set to an instance of an object
  at Unity.XR.Oculus.OculusLoader.AssetPathToAbsolutePath (System.String assetPath) [0x00048] in C:\Users\dani_\Documents\DAM\Proyecto Unity\Create-with-VR_2020LTS\Create-with-VR_2020LTS\VR Room Project\Library\PackageCache\com.unity.xr.oculus@1.8.1\Runtime\OculusLoader.cs:243 
  at Unity.XR.Oculus.OculusLoader.EditorLoadOVRPlugin () [0x0007b] in C:\Users\dani_\Documents\DAM\Proyecto Unity\Create-with-VR_2020LTS\Create-with-VR_2020LTS\VR Room Project\Library\PackageCache\com.unity.xr.oculus@1.8.1\Runtime\OculusLoader.cs:228 

(Filename: Library/PackageCache/com.unity.xr.oculus@1.8.1/Runtime/OculusLoader.cs Line: 243)

Mono: successfully reloaded assembly
- Completed reload, in  0.814 seconds
Platform modules already initialized, skipping
Shader 'Universal Render Pipeline/Particles/Lit': fallback shader 'Universal Render Pipeline/Particles/SimpleLit' not found
Refreshing native plugins compatible for Editor in 0.87 ms, found 8 plugins.
Preloading 1 native plugins for Editor in 0.09 ms.
Unloading 2966 Unused Serialized files (Serialized files now loaded: 0)
System memory in use before: 135.6 MB.
System memory in use after: 135.8 MB.

Unloading 19 unused Assets to reduce memory usage. Loaded Objects now: 3557.
Total: 2.664200 ms (FindLiveObjects: 0.383400 ms CreateObjectMapping: 0.087600 ms MarkObjects: 2.163500 ms  DeleteObjects: 0.028600 ms)

========================================================================
Received Import Request.
  Time since last request: 88.336507 seconds.
  path: Assets/Scenes/SampleScene.unity
  artifactKey: Guid(1e840d93b1c92473f83d910b16b2f458) Importer(815301076,1909f56bfc062723c751e8b465ee728b)
Start importing Assets/Scenes/SampleScene.unity using Guid(1e840d93b1c92473f83d910b16b2f458) Importer(815301076,1909f56bfc062723c751e8b465ee728b)  -> (artifact id: '2ad2fce6b79e1212001b752601576ed5') in 0.025631 seconds
  Import took 0.031316 seconds .

========================================================================
Received Import Request.
  Time since last request: 50.122162 seconds.
  path: Assets/Scenes/SampleScene.unity
  artifactKey: Guid(1e840d93b1c92473f83d910b16b2f458) Importer(815301076,1909f56bfc062723c751e8b465ee728b)
Start importing Assets/Scenes/SampleScene.unity using Guid(1e840d93b1c92473f83d910b16b2f458) Importer(815301076,1909f56bfc062723c751e8b465ee728b)  -> (artifact id: '8ecd3ba89cedf559fc20c91bbb57e8a0') in 0.002692 seconds
  Import took 0.007446 seconds .

========================================================================
Received Import Request.
  Time since last request: 351.085463 seconds.
  path: Assets/_Course Library/_Prefabs/Rooms
  artifactKey: Guid(b8c01ec013b52432398ae23013d26672) Importer(815301076,1909f56bfc062723c751e8b465ee728b)
Start importing Assets/_Course Library/_Prefabs/Rooms using Guid(b8c01ec013b52432398ae23013d26672) Importer(815301076,1909f56bfc062723c751e8b465ee728b)  -> (artifact id: '3244cc5d42f043e279aa63feed4383a2') in 0.010548 seconds
  Import took 0.016400 seconds .

========================================================================
Received Import Request.
  Time since last request: 0.047985 seconds.
  path: Assets/_Course Library/_Prefabs/Rooms/Room_Modern.prefab
  artifactKey: Guid(d9470993b9bd0a541a884d6f6704a421) Importer(815301076,1909f56bfc062723c751e8b465ee728b)
Start importing Assets/_Course Library/_Prefabs/Rooms/Room_Modern.prefab using Guid(d9470993b9bd0a541a884d6f6704a421) Importer(815301076,1909f56bfc062723c751e8b465ee728b)  -> (artifact id: '6d765cc64ca36156841400db79c235c7') in 0.607958 seconds
  Import took 0.613076 seconds .

========================================================================
Received Import Request.
  Time since last request: 0.000166 seconds.
  path: Assets/_Course Library/_Prefabs/Rooms/Room_Traditional.prefab
  artifactKey: Guid(880db112787483b4bb85a9812586967c) Importer(815301076,1909f56bfc062723c751e8b465ee728b)
Start importing Assets/_Course Library/_Prefabs/Rooms/Room_Traditional.prefab using Guid(880db112787483b4bb85a9812586967c) Importer(815301076,1909f56bfc062723c751e8b465ee728b)  -> (artifact id: 'b8a570ef3f1b06354da0759c58adf17c') in 0.025405 seconds
  Import took 0.029851 seconds .

========================================================================
Received Import Request.
  Time since last request: 0.000173 seconds.
  path: Assets/_Course Library/_Prefabs/Rooms/Room_Rustic.prefab
  artifactKey: Guid(991f7faf3818ce24d854dd90bfceb80b) Importer(815301076,1909f56bfc062723c751e8b465ee728b)
Start importing Assets/_Course Library/_Prefabs/Rooms/Room_Rustic.prefab using Guid(991f7faf3818ce24d854dd90bfceb80b) Importer(815301076,1909f56bfc062723c751e8b465ee728b)  -> (artifact id: 'df34401208692d02daeaa8febb04a0c6') in 0.023610 seconds
  Import took 0.028319 seconds .

========================================================================
Received Import Request.
  Time since last request: 77.816440 seconds.
  path: Assets/_Course Library/_Prefabs/Environments
  artifactKey: Guid(36ae34743d39542b8b8272435b5d3272) Importer(815301076,1909f56bfc062723c751e8b465ee728b)
Start importing Assets/_Course Library/_Prefabs/Environments using Guid(36ae34743d39542b8b8272435b5d3272) Importer(815301076,1909f56bfc062723c751e8b465ee728b)  -> (artifact id: '8fe5f45f64da4ffc9741425291d1ffe7') in 0.009983 seconds
  Import took 0.014724 seconds .

========================================================================
Received Import Request.
  Time since last request: 0.053527 seconds.
  path: Assets/_Course Library/_Prefabs/Environments/Background_Buildings.prefab
  artifactKey: Guid(4e12f80178b8d6e47a7b602b9e2f58fb) Importer(815301076,1909f56bfc062723c751e8b465ee728b)
Start importing Assets/_Course Library/_Prefabs/Environments/Background_Buildings.prefab using Guid(4e12f80178b8d6e47a7b602b9e2f58fb) Importer(815301076,1909f56bfc062723c751e8b465ee728b)  -> (artifact id: 'b9b94d0a3bfbd729e613b63fbc27262b') in 0.014157 seconds
  Import took 0.018932 seconds .

========================================================================
Received Import Request.
  Time since last request: 0.000209 seconds.
  path: Assets/_Course Library/_Prefabs/Environments/Background_Hills.prefab
  artifactKey: Guid(ba41cc3523f70d94981ec452dc307e61) Importer(815301076,1909f56bfc062723c751e8b465ee728b)
Start importing Assets/_Course Library/_Prefabs/Environments/Background_Hills.prefab using Guid(ba41cc3523f70d94981ec452dc307e61) Importer(815301076,1909f56bfc062723c751e8b465ee728b)  -> (artifact id: 'b00bb06b4607a8caeb93a4bb4e6d746c') in 0.014304 seconds
  Import took 0.018479 seconds .

========================================================================
Received Import Request.
  Time since last request: 0.000189 seconds.
  path: Assets/_Course Library/_Prefabs/Environments/Foreground_Buildings.prefab
  artifactKey: Guid(4eb9381a0b4804063a96dd9b29e1e57c) Importer(815301076,1909f56bfc062723c751e8b465ee728b)
Start importing Assets/_Course Library/_Prefabs/Environments/Foreground_Buildings.prefab using Guid(4eb9381a0b4804063a96dd9b29e1e57c) Importer(815301076,1909f56bfc062723c751e8b465ee728b)  -> (artifact id: '41ea5c0f13c8a87719893be07998b930') in 0.039152 seconds
  Import took 0.043353 seconds .

========================================================================
Received Import Request.
  Time since last request: 0.000189 seconds.
  path: Assets/_Course Library/_Prefabs/Environments/Foreground_Hills.prefab
  artifactKey: Guid(445506bfe97f74618aa3dac2a010ced3) Importer(815301076,1909f56bfc062723c751e8b465ee728b)
Start importing Assets/_Course Library/_Prefabs/Environments/Foreground_Hills.prefab using Guid(445506bfe97f74618aa3dac2a010ced3) Importer(815301076,1909f56bfc062723c751e8b465ee728b)  -> (artifact id: '6945a0f320c1c8a496c798407e90a668') in 0.015340 seconds
  Import took 0.019693 seconds .

========================================================================
Received Prepare
Registering precompiled user dll's ...
Registered in 0.004302 seconds.
Begin MonoManager ReloadAssembly
Native extension for WindowsStandalone target not found
Refreshing native plugins compatible for Editor in 0.84 ms, found 8 plugins.
Preloading 1 native plugins for Editor in 0.08 ms.
Invoked RoslynAnalysisRunner static constructor.
RoslynAnalysisRunner will not be running.
RoslynAnalysisRunner has terminated.
NullReferenceException: Object reference not set to an instance of an object
  at Unity.XR.Oculus.OculusLoader.AssetPathToAbsolutePath (System.String assetPath) [0x00048] in C:\Users\dani_\Documents\DAM\Proyecto Unity\Create-with-VR_2020LTS\Create-with-VR_2020LTS\VR Room Project\Library\PackageCache\com.unity.xr.oculus@1.8.1\Runtime\OculusLoader.cs:243 
  at Unity.XR.Oculus.OculusLoader.EditorLoadOVRPlugin () [0x0007b] in C:\Users\dani_\Documents\DAM\Proyecto Unity\Create-with-VR_2020LTS\Create-with-VR_2020LTS\VR Room Project\Library\PackageCache\com.unity.xr.oculus@1.8.1\Runtime\OculusLoader.cs:228 

(Filename: Library/PackageCache/com.unity.xr.oculus@1.8.1/Runtime/OculusLoader.cs Line: 243)

Mono: successfully reloaded assembly
- Completed reload, in  0.846 seconds
Platform modules already initialized, skipping
Shader 'Universal Render Pipeline/Particles/Lit': fallback shader 'Universal Render Pipeline/Particles/SimpleLit' not found
Refreshing native plugins compatible for Editor in 0.86 ms, found 8 plugins.
Preloading 1 native plugins for Editor in 0.09 ms.
Unloading 2966 Unused Serialized files (Serialized files now loaded: 0)
System memory in use before: 138.1 MB.
System memory in use after: 138.3 MB.

Unloading 19 unused Assets to reduce memory usage. Loaded Objects now: 3605.
Total: 2.354000 ms (FindLiveObjects: 0.318400 ms CreateObjectMapping: 0.087000 ms MarkObjects: 1.930600 ms  DeleteObjects: 0.017200 ms)

========================================================================
Received Import Request.
  Time since last request: 207.244280 seconds.
  path: Assets/Samples/XR Interaction Toolkit
  artifactKey: Guid(883928fc95ced4a13a405c0523474128) Importer(815301076,1909f56bfc062723c751e8b465ee728b)
Start importing Assets/Samples/XR Interaction Toolkit using Guid(883928fc95ced4a13a405c0523474128) Importer(815301076,1909f56bfc062723c751e8b465ee728b)  -> (artifact id: '3fcf574d2d852f8a42a5b1902192c08c') in 0.014102 seconds
  Import took 0.019029 seconds .

========================================================================
Received Import Request.
  Time since last request: 0.991409 seconds.
  path: Assets/Samples/XR Interaction Toolkit/1.0.0-pre.3
  artifactKey: Guid(b5bafc385e6684cfbba5e08a83e2198d) Importer(815301076,1909f56bfc062723c751e8b465ee728b)
Start importing Assets/Samples/XR Interaction Toolkit/1.0.0-pre.3 using Guid(b5bafc385e6684cfbba5e08a83e2198d) Importer(815301076,1909f56bfc062723c751e8b465ee728b)  -> (artifact id: '13a13704459f4cfb039d61e140f33daf') in 0.009496 seconds
  Import took 0.014339 seconds .

========================================================================
Received Import Request.
  Time since last request: 0.924937 seconds.
  path: Assets/Samples/XR Interaction Toolkit/1.0.0-pre.3/XR Device Simulator
  artifactKey: Guid(5c0d9c9cb064045f298e3bd59e3c4621) Importer(815301076,1909f56bfc062723c751e8b465ee728b)
Start importing Assets/Samples/XR Interaction Toolkit/1.0.0-pre.3/XR Device Simulator using Guid(5c0d9c9cb064045f298e3bd59e3c4621) Importer(815301076,1909f56bfc062723c751e8b465ee728b)  -> (artifact id: 'ff74a39cb2aa176667b27e0214665996') in 0.009594 seconds
  Import took 0.014511 seconds .

========================================================================
Received Import Request.
  Time since last request: 0.105422 seconds.
  path: Assets/Samples/XR Interaction Toolkit/1.0.0-pre.3/XR Device Simulator/XR Device Simulator Controls.inputactions
  artifactKey: Guid(da2b439d1a2de5c46a4f428f8cf4fe19) Importer(815301076,1909f56bfc062723c751e8b465ee728b)
Start importing Assets/Samples/XR Interaction Toolkit/1.0.0-pre.3/XR Device Simulator/XR Device Simulator Controls.inputactions using Guid(da2b439d1a2de5c46a4f428f8cf4fe19) Importer(815301076,1909f56bfc062723c751e8b465ee728b)  -> (artifact id: '1de018500e739e53d00708782a5be7b7') in 0.030652 seconds
  Import took 0.035495 seconds .

========================================================================
Received Import Request.
  Time since last request: 0.000202 seconds.
  path: Assets/Samples/XR Interaction Toolkit/1.0.0-pre.3/XR Device Simulator/XR Device Simulator.prefab
  artifactKey: Guid(9f5a24a380916d14db9775daab4fe333) Importer(815301076,1909f56bfc062723c751e8b465ee728b)
Start importing Assets/Samples/XR Interaction Toolkit/1.0.0-pre.3/XR Device Simulator/XR Device Simulator.prefab using Guid(9f5a24a380916d14db9775daab4fe333) Importer(815301076,1909f56bfc062723c751e8b465ee728b)  -> (artifact id: 'a72ea5c6e001454722c03becf338e139') in 0.015767 seconds
  Import took 0.020763 seconds .

========================================================================
Received Prepare
Registering precompiled user dll's ...
Registered in 0.004286 seconds.
Begin MonoManager ReloadAssembly
Native extension for WindowsStandalone target not found
Refreshing native plugins compatible for Editor in 0.84 ms, found 8 plugins.
Preloading 1 native plugins for Editor in 0.09 ms.
Invoked RoslynAnalysisRunner static constructor.
RoslynAnalysisRunner will not be running.
RoslynAnalysisRunner has terminated.
NullReferenceException: Object reference not set to an instance of an object
  at Unity.XR.Oculus.OculusLoader.AssetPathToAbsolutePath (System.String assetPath) [0x00048] in C:\Users\dani_\Documents\DAM\Proyecto Unity\Create-with-VR_2020LTS\Create-with-VR_2020LTS\VR Room Project\Library\PackageCache\com.unity.xr.oculus@1.8.1\Runtime\OculusLoader.cs:243 
  at Unity.XR.Oculus.OculusLoader.EditorLoadOVRPlugin () [0x0007b] in C:\Users\dani_\Documents\DAM\Proyecto Unity\Create-with-VR_2020LTS\Create-with-VR_2020LTS\VR Room Project\Library\PackageCache\com.unity.xr.oculus@1.8.1\Runtime\OculusLoader.cs:228 

(Filename: Library/PackageCache/com.unity.xr.oculus@1.8.1/Runtime/OculusLoader.cs Line: 243)

Mono: successfully reloaded assembly
- Completed reload, in  0.819 seconds
Platform modules already initialized, skipping
Shader 'Universal Render Pipeline/Particles/Lit': fallback shader 'Universal Render Pipeline/Particles/SimpleLit' not found
Refreshing native plugins compatible for Editor in 0.86 ms, found 8 plugins.
Preloading 1 native plugins for Editor in 0.08 ms.
Unloading 2966 Unused Serialized files (Serialized files now loaded: 0)
System memory in use before: 138.1 MB.
System memory in use after: 138.3 MB.

Unloading 19 unused Assets to reduce memory usage. Loaded Objects now: 3609.
Total: 3.079300 ms (FindLiveObjects: 0.470200 ms CreateObjectMapping: 0.098500 ms MarkObjects: 2.473500 ms  DeleteObjects: 0.034900 ms)

========================================================================
Received Prepare
Registering precompiled user dll's ...
Registered in 0.004777 seconds.
Begin MonoManager ReloadAssembly
Native extension for WindowsStandalone target not found
Refreshing native plugins compatible for Editor in 0.98 ms, found 8 plugins.
Preloading 1 native plugins for Editor in 0.12 ms.
Invoked RoslynAnalysisRunner static constructor.
RoslynAnalysisRunner will not be running.
RoslynAnalysisRunner has terminated.
NullReferenceException: Object reference not set to an instance of an object
  at Unity.XR.Oculus.OculusLoader.AssetPathToAbsolutePath (System.String assetPath) [0x00048] in C:\Users\dani_\Documents\DAM\Proyecto Unity\Create-with-VR_2020LTS\Create-with-VR_2020LTS\VR Room Project\Library\PackageCache\com.unity.xr.oculus@1.8.1\Runtime\OculusLoader.cs:243 
  at Unity.XR.Oculus.OculusLoader.EditorLoadOVRPlugin () [0x0007b] in C:\Users\dani_\Documents\DAM\Proyecto Unity\Create-with-VR_2020LTS\Create-with-VR_2020LTS\VR Room Project\Library\PackageCache\com.unity.xr.oculus@1.8.1\Runtime\OculusLoader.cs:228 

(Filename: Library/PackageCache/com.unity.xr.oculus@1.8.1/Runtime/OculusLoader.cs Line: 243)

Mono: successfully reloaded assembly
- Completed reload, in  0.904 seconds
Platform modules already initialized, skipping
Shader 'Universal Render Pipeline/Particles/Lit': fallback shader 'Universal Render Pipeline/Particles/SimpleLit' not found
Refreshing native plugins compatible for Editor in 0.83 ms, found 8 plugins.
Preloading 1 native plugins for Editor in 0.08 ms.
Unloading 2966 Unused Serialized files (Serialized files now loaded: 0)
System memory in use before: 138.1 MB.
System memory in use after: 138.3 MB.

Unloading 19 unused Assets to reduce memory usage. Loaded Objects now: 3613.
Total: 3.013800 ms (FindLiveObjects: 0.572500 ms CreateObjectMapping: 0.119100 ms MarkObjects: 2.298000 ms  DeleteObjects: 0.023200 ms)

========================================================================
Received Prepare
Registering precompiled user dll's ...
Registered in 0.004070 seconds.
Begin MonoManager ReloadAssembly
Native extension for WindowsStandalone target not found
Refreshing native plugins compatible for Editor in 0.83 ms, found 8 plugins.
Preloading 1 native plugins for Editor in 0.09 ms.
Invoked RoslynAnalysisRunner static constructor.
RoslynAnalysisRunner will not be running.
RoslynAnalysisRunner has terminated.
NullReferenceException: Object reference not set to an instance of an object
  at Unity.XR.Oculus.OculusLoader.AssetPathToAbsolutePath (System.String assetPath) [0x00048] in C:\Users\dani_\Documents\DAM\Proyecto Unity\Create-with-VR_2020LTS\Create-with-VR_2020LTS\VR Room Project\Library\PackageCache\com.unity.xr.oculus@1.8.1\Runtime\OculusLoader.cs:243 
  at Unity.XR.Oculus.OculusLoader.EditorLoadOVRPlugin () [0x0007b] in C:\Users\dani_\Documents\DAM\Proyecto Unity\Create-with-VR_2020LTS\Create-with-VR_2020LTS\VR Room Project\Library\PackageCache\com.unity.xr.oculus@1.8.1\Runtime\OculusLoader.cs:228 

(Filename: Library/PackageCache/com.unity.xr.oculus@1.8.1/Runtime/OculusLoader.cs Line: 243)

Mono: successfully reloaded assembly
- Completed reload, in  0.809 seconds
Platform modules already initialized, skipping
Shader 'Universal Render Pipeline/Particles/Lit': fallback shader 'Universal Render Pipeline/Particles/SimpleLit' not found
Refreshing native plugins compatible for Editor in 0.82 ms, found 8 plugins.
Preloading 1 native plugins for Editor in 0.08 ms.
Unloading 2966 Unused Serialized files (Serialized files now loaded: 0)
System memory in use before: 138.1 MB.
System memory in use after: 138.4 MB.

Unloading 19 unused Assets to reduce memory usage. Loaded Objects now: 3617.
Total: 2.808400 ms (FindLiveObjects: 0.347100 ms CreateObjectMapping: 0.085400 ms MarkObjects: 2.347200 ms  DeleteObjects: 0.027600 ms)

========================================================================
Received Prepare
Shader 'Universal Render Pipeline/Particles/Lit': fallback shader 'Universal Render Pipeline/Particles/SimpleLit' not found
Refreshing native plugins compatible for Editor in 5.25 ms, found 8 plugins.
Preloading 1 native plugins for Editor in 0.07 ms.
Unloading 16 Unused Serialized files (Serialized files now loaded: 0)
System memory in use before: 78.9 MB.
System memory in use after: 79.1 MB.

Unloading 16 unused Assets to reduce memory usage. Loaded Objects now: 3617.
Total: 4.869800 ms (FindLiveObjects: 0.456500 ms CreateObjectMapping: 0.092000 ms MarkObjects: 4.282600 ms  DeleteObjects: 0.037300 ms)

